<?xml version="1.0" encoding="UTF-8"?>
<robot generator="Robot 5.0 (Python 3.10.1 on win32)" generated="20220519 09:21:21.781" rpa="false" schemaversion="3">
<suite id="s1" name="TestUsuarios" source="C:\Projects\robot-web-stc\tests\TestUsuarios.robot">
<test id="s1-t1" name="Register fake user successfully" line="9">
<kw name="Access chrome browser" library="base" type="SETUP">
<kw name="Open Browser" library="SeleniumLibrary">
<arg>about:blank</arg>
<arg>chrome</arg>
<doc>Opens a new browser instance to the optional ``url``.</doc>
<msg timestamp="20220519 09:21:22.555" level="INFO">Opening browser 'chrome' to base url 'about:blank'.</msg>
<status status="PASS" starttime="20220519 09:21:22.555" endtime="20220519 09:21:23.846"/>
</kw>
<kw name="Maximize Browser Window" library="SeleniumLibrary">
<doc>Maximizes current browser window.</doc>
<status status="PASS" starttime="20220519 09:21:23.846" endtime="20220519 09:21:23.979"/>
</kw>
<kw name="Go To" library="SeleniumLibrary">
<arg>${URL_DEV}</arg>
<doc>Navigates the current browser window to the provided ``url``.</doc>
<msg timestamp="20220519 09:21:23.980" level="INFO">Opening url 'https://front.serverest.dev'</msg>
<status status="PASS" starttime="20220519 09:21:23.980" endtime="20220519 09:21:25.743"/>
</kw>
<kw name="Wait Until Element Is Visible" library="SeleniumLibrary">
<arg>${IMAGE_SERVEREST}</arg>
<doc>Waits until the element ``locator`` is visible.</doc>
<status status="PASS" starttime="20220519 09:21:25.743" endtime="20220519 09:21:25.780"/>
</kw>
<status status="PASS" starttime="20220519 09:21:22.555" endtime="20220519 09:21:25.780"/>
</kw>
<kw name="Go page register user" library="Usuarioskw">
<doc>Used to go to user registration page.</doc>
<kw name="Click Link" library="SeleniumLibrary">
<arg>//a[contains(.,'Cadastre-se')]</arg>
<doc>Clicks a link identified by ``locator``.</doc>
<msg timestamp="20220519 09:21:25.781" level="INFO">Clicking link '//a[contains(.,'Cadastre-se')]'.</msg>
<status status="PASS" starttime="20220519 09:21:25.781" endtime="20220519 09:21:26.025"/>
</kw>
<kw name="Wait Until Element Is Visible" library="SeleniumLibrary">
<arg>//h2[contains(.,'Cadastro')]</arg>
<doc>Waits until the element ``locator`` is visible.</doc>
<status status="PASS" starttime="20220519 09:21:26.025" endtime="20220519 09:21:26.049"/>
</kw>
<status status="PASS" starttime="20220519 09:21:25.781" endtime="20220519 09:21:26.049"/>
</kw>
<kw name="Register User" library="Usuarioskw">
<doc>Used to register users.</doc>
<kw name="Name" library="FakerLibrary">
<var>${NOMEFAKE}</var>
<doc>:example 'John Doe'</doc>
<msg timestamp="20220519 09:21:26.050" level="INFO">${NOMEFAKE} = Louis Davis</msg>
<status status="PASS" starttime="20220519 09:21:26.050" endtime="20220519 09:21:26.050"/>
</kw>
<kw name="Email" library="FakerLibrary">
<var>${EMAILFAKE}</var>
<msg timestamp="20220519 09:21:26.051" level="INFO">${EMAILFAKE} = andrewholt@example.org</msg>
<status status="PASS" starttime="20220519 09:21:26.050" endtime="20220519 09:21:26.051"/>
</kw>
<kw name="Password" library="FakerLibrary">
<var>${PASSWORDFAKE}</var>
<doc>Generate a random password of the specified ``length``.</doc>
<msg timestamp="20220519 09:21:26.052" level="INFO">${PASSWORDFAKE} = 8tPjt_Pg!a</msg>
<status status="PASS" starttime="20220519 09:21:26.051" endtime="20220519 09:21:26.052"/>
</kw>
<kw name="Input Text" library="SeleniumLibrary">
<arg>id=nome</arg>
<arg>${NOMEFAKE}</arg>
<doc>Types the given ``text`` into the text field identified by ``locator``.</doc>
<msg timestamp="20220519 09:21:26.053" level="INFO">Typing text 'Louis Davis' into text field 'id=nome'.</msg>
<status status="PASS" starttime="20220519 09:21:26.052" endtime="20220519 09:21:26.157"/>
</kw>
<kw name="Input Text" library="SeleniumLibrary">
<arg>id=email</arg>
<arg>${EMAILFAKE}</arg>
<doc>Types the given ``text`` into the text field identified by ``locator``.</doc>
<msg timestamp="20220519 09:21:26.158" level="INFO">Typing text 'andrewholt@example.org' into text field 'id=email'.</msg>
<status status="PASS" starttime="20220519 09:21:26.157" endtime="20220519 09:21:26.276"/>
</kw>
<kw name="Input Text" library="SeleniumLibrary">
<arg>id=password</arg>
<arg>${PASSWORDFAKE}</arg>
<doc>Types the given ``text`` into the text field identified by ``locator``.</doc>
<msg timestamp="20220519 09:21:26.276" level="INFO">Typing text '8tPjt_Pg!a' into text field 'id=password'.</msg>
<status status="PASS" starttime="20220519 09:21:26.276" endtime="20220519 09:21:26.364"/>
</kw>
<kw name="Click Button" library="SeleniumLibrary">
<arg>//button[contains(.,'Cadastrar')]</arg>
<doc>Clicks the button identified by ``locator``.</doc>
<msg timestamp="20220519 09:21:26.365" level="INFO">Clicking button '//button[contains(.,'Cadastrar')]'.</msg>
<status status="PASS" starttime="20220519 09:21:26.365" endtime="20220519 09:21:26.421"/>
</kw>
<kw name="Wait Until Element Is Visible" library="SeleniumLibrary">
<arg>//button[contains(.,'Logout')]</arg>
<doc>Waits until the element ``locator`` is visible.</doc>
<status status="PASS" starttime="20220519 09:21:26.421" endtime="20220519 09:21:30.370"/>
</kw>
<status status="PASS" starttime="20220519 09:21:26.049" endtime="20220519 09:21:30.371"/>
</kw>
<kw name="Close Browser" library="SeleniumLibrary" type="TEARDOWN">
<doc>Closes the current browser.</doc>
<status status="PASS" starttime="20220519 09:21:30.371" endtime="20220519 09:21:33.940"/>
</kw>
<status status="PASS" starttime="20220519 09:21:22.553" endtime="20220519 09:21:33.942"/>
</test>
<doc>User test for users.</doc>
<status status="PASS" starttime="20220519 09:21:21.783" endtime="20220519 09:21:33.947"/>
</suite>
<statistics>
<total>
<stat pass="1" fail="0" skip="0">All Tests</stat>
</total>
<tag>
</tag>
<suite>
<stat pass="1" fail="0" skip="0" id="s1" name="TestUsuarios">TestUsuarios</stat>
</suite>
</statistics>
<errors>
</errors>
</robot>
